INFO: [VRFC 10-2263] Analyzing Verilog file "E:/Testfield/Communication_Exp/Communication_Exp.srcs/sources_1/new/defines.v" into library xil_defaultlib
INFO: [VRFC 10-311] analyzing module defines
INFO: [VRFC 10-2263] Analyzing Verilog file "E:/Testfield/Communication_Exp/Communication_Exp.srcs/sources_1/new/channel.v" into library xil_defaultlib
INFO: [VRFC 10-311] analyzing module channel
INFO: [VRFC 10-2263] Analyzing Verilog file "E:/Testfield/Communication_Exp/codec/decoder/decoder.v" into library xil_defaultlib
INFO: [VRFC 10-311] analyzing module argmin_getter_cond
INFO: [VRFC 10-311] analyzing module argmin_getter
INFO: [VRFC 10-311] analyzing module min_getter
INFO: [VRFC 10-311] analyzing module decoder
INFO: [VRFC 10-2458] undeclared symbol o, assumed default net type wire [E:/Testfield/Communication_Exp/codec/decoder/decoder.v:70]
INFO: [VRFC 10-2263] Analyzing Verilog file "E:/Testfield/Communication_Exp/Communication_Exp.srcs/sources_1/new/demodulator.v" into library xil_defaultlib
INFO: [VRFC 10-311] analyzing module demodulator
INFO: [VRFC 10-2263] Analyzing Verilog file "E:/Testfield/Communication_Exp/codec/encoder/encoder.v" into library xil_defaultlib
INFO: [VRFC 10-311] analyzing module encoder
INFO: [VRFC 10-2263] Analyzing Verilog file "E:/Testfield/Communication_Exp/Communication_Exp.srcs/sources_1/new/modulator.v" into library xil_defaultlib
INFO: [VRFC 10-311] analyzing module modulator
INFO: [VRFC 10-2263] Analyzing Verilog file "E:/Testfield/Communication_Exp/Communication_Exp.srcs/sources_1/new/receiver.v" into library xil_defaultlib
INFO: [VRFC 10-311] analyzing module receiver
INFO: [VRFC 10-2263] Analyzing Verilog file "E:/Testfield/Communication_Exp/codec/decoder/tracker.v" into library xil_defaultlib
INFO: [VRFC 10-311] analyzing module tracker
INFO: [VRFC 10-2263] Analyzing Verilog file "E:/Testfield/Communication_Exp/Communication_Exp.srcs/sources_1/new/transmitter.v" into library xil_defaultlib
INFO: [VRFC 10-311] analyzing module transmitter
INFO: [VRFC 10-2263] Analyzing Verilog file "E:/Testfield/Communication_Exp/Communication_Exp.srcs/sources_1/new/system.v" into library xil_defaultlib
INFO: [VRFC 10-311] analyzing module system
